<?xml version="1.0" encoding="UTF-8"?>
<!-- Generated by org.testng.reporters.JUnitReportReporter -->
<testsuite hostname="IN3230656W1" failures="0" tests="2" name="Test_practic.Multiple_datas" time="0.006" errors="0" timestamp="2022-09-22T18:08:35 IST" skipped="0">
  <testcase classname="Test_practic.Multiple_datas" name="credntial" time="0.005"/>
  <system-out/>
  <testcase classname="Test_practic.Multiple_datas" name="credntial" time="0.001"/>
  <system-out/>
</testsuite> <!-- Test_practic.Multiple_datas -->
