<?xml version="1.0" encoding="UTF-8"?>
<!-- Generated by org.testng.reporters.JUnitReportReporter -->
<testsuite hostname="IN3230656W1" failures="0" tests="1" name="Test_practic.Expected_Exception" time="0.005" errors="0" timestamp="2022-09-22T14:17:25 IST" skipped="0">
  <testcase classname="Test_practic.Expected_Exception" name="demo" time="0.005"/>
  <system-out/>
</testsuite> <!-- Test_practic.Expected_Exception -->
