<?xml version="1.0" encoding="UTF-8"?>
<!-- Generated by org.testng.reporters.JUnitReportReporter -->
<testsuite hostname="IN3230656W1" failures="0" tests="9" name="Test_practic.Ignore_concept" time="0.013" errors="0" timestamp="2022-09-21T14:38:07 IST" skipped="2">
  <testcase classname="Test_practic.Ignore_concept" name="youtube" time="0.001"/>
  <system-out/>
  <testcase classname="Test_practic.Ignore_concept" name="youtube" time="0.001"/>
  <system-out/>
  <testcase classname="Test_practic.Ignore_concept" name="youtube" time="0.001"/>
  <system-out/>
  <testcase classname="Test_practic.Ignore_concept" name="youtube" time="0.000"/>
  <system-out/>
  <testcase classname="Test_practic.Ignore_concept" name="youtube" time="0.007"/>
  <system-out/>
  <testcase classname="Test_practic.Ignore_concept" name="whatsapp" time="0.001"/>
  <system-out/>
  <testcase classname="Test_practic.Ignore_concept" name="wynkMusic" time="0.002"/>
  <system-out/>
  <testcase classname="Test_practic.Ignore_concept" name="facebook">
    <skipped/>
  </testcase> <!-- facebook -->
  <system-out/>
  <testcase classname="Test_practic.Ignore_concept" name="instagram">
    <skipped/>
  </testcase> <!-- instagram -->
  <system-out/>
</testsuite> <!-- Test_practic.Ignore_concept -->
