<?xml version="1.0" encoding="UTF-8"?>
<!-- Generated by org.testng.reporters.JUnitReportReporter -->
<testsuite hostname="IN3230656W1" failures="0" tests="6" name="Test_practic.Grouping" time="0.009" errors="0" timestamp="2022-09-22T13:05:34 IST" skipped="0">
  <testcase classname="Test_practic.Grouping" name="youtube" time="0.007"/>
  <system-out/>
  <testcase classname="Test_practic.Grouping" name="spotify" time="0.001"/>
  <system-out/>
  <testcase classname="Test_practic.Grouping" name="instagram" time="0.000"/>
  <system-out/>
  <testcase classname="Test_practic.Grouping" name="wynkMusic" time="0.001"/>
  <system-out/>
  <testcase classname="Test_practic.Grouping" name="facebook" time="0.000"/>
  <system-out/>
  <testcase classname="Test_practic.Grouping" name="whatsapp" time="0.000"/>
  <system-out/>
</testsuite> <!-- Test_practic.Grouping -->
